<?xml version="1.0" encoding="UTF-8"?>
<!-- Generated by org.testng.reporters.JUnitReportReporter -->
<testsuite hostname="DESKTOP-KRO9T2E" failures="0" tests="4" name="com.Vtiger.genericUtil.NewDataProvoider" time="0.023" errors="0" timestamp="2021-12-09T12:51:32 IST" skipped="0">
  <testcase classname="com.Vtiger.genericUtil.NewDataProvoider" name="print" time="0.013"/>
  <system-out/>
  <testcase classname="com.Vtiger.genericUtil.NewDataProvoider" name="print" time="0.002"/>
  <system-out/>
  <testcase classname="com.Vtiger.genericUtil.NewDataProvoider" name="print" time="0.003"/>
  <system-out/>
  <testcase classname="com.Vtiger.genericUtil.NewDataProvoider" name="print" time="0.005"/>
  <system-out/>
</testsuite> <!-- com.Vtiger.genericUtil.NewDataProvoider -->
