<?xml version="1.0" encoding="UTF-8"?>
<!-- Generated by org.testng.reporters.JUnitReportReporter -->
<testsuite hostname="DESKTOP-KRO9T2E" failures="0" tests="1" name="com.login.TC002_CreateOrganizationddTest" time="59.603" errors="0" timestamp="2021-12-17T00:04:07 IST" skipped="0">
  <testcase classname="com.login.TC002_CreateOrganizationddTest" name="CreatOrgDropdownTest" time="59.603"/>
  <system-out/>
</testsuite> <!-- com.login.TC002_CreateOrganizationddTest -->
