<?xml version="1.0" encoding="UTF-8"?>
<!-- Generated by org.testng.reporters.JUnitReportReporter -->
<testsuite hostname="DESKTOP-KRO9T2E" failures="0" tests="1" name="com.login.TC002_CreateOrganizationddTest" time="82.773" errors="0" timestamp="2021-12-16T16:37:04 IST" skipped="0">
  <testcase classname="com.login.TC002_CreateOrganizationddTest" name="CreatOrgDropdownTest" time="82.773"/>
  <system-out/>
</testsuite> <!-- com.login.TC002_CreateOrganizationddTest -->
