<?xml version="1.0" encoding="UTF-8"?>
<!-- Generated by org.testng.reporters.JUnitReportReporter -->
<testsuite hostname="DESKTOP-KRO9T2E" failures="0" tests="1" name="com.login.TC003_CreateContactTest" time="44.198" errors="0" timestamp="2021-12-17T00:09:45 IST" skipped="0">
  <testcase classname="com.login.TC003_CreateContactTest" name="CreatContactOnly" time="44.198"/>
  <system-out/>
</testsuite> <!-- com.login.TC003_CreateContactTest -->
