<?xml version="1.0" encoding="UTF-8"?>
<!-- Generated by org.testng.reporters.JUnitReportReporter -->
<testsuite hostname="DESKTOP-KRO9T2E" failures="0" tests="1" name="com.Vtiger.genericUtil.sampleTest" time="36.325" errors="0" timestamp="2021-12-10T13:03:36 IST" skipped="0">
  <testcase classname="com.Vtiger.genericUtil.sampleTest" name="cmdlineparameter" time="36.325"/>
  <system-out/>
</testsuite> <!-- com.Vtiger.genericUtil.sampleTest -->
