<?xml version="1.0" encoding="UTF-8"?>
<!-- Generated by org.testng.reporters.JUnitReportReporter -->
<testsuite hostname="DESKTOP-KRO9T2E" failures="0" tests="1" name="com.login.TC003_CreateContactTest" time="40.293" errors="0" timestamp="2021-12-16T22:45:13 IST" skipped="0">
  <testcase classname="com.login.TC003_CreateContactTest" name="CreatContact" time="40.293"/>
  <system-out/>
</testsuite> <!-- com.login.TC003_CreateContactTest -->
